d:\graphics1\physicsmidterm\gameengine\x64\release\vc143.pdb
d:\graphics1\physicsmidterm\gameengine\x64\release\glad.obj
d:\graphics1\physicsmidterm\gameengine\x64\release\source.obj
d:\graphics1\physicsmidterm\gameengine\x64\release\cloadmodels.obj
d:\graphics1\physicsmidterm\gameengine\x64\release\flycam.obj
d:\graphics1\physicsmidterm\gameengine\x64\release\cvaomanager.obj
d:\graphics1\physicsmidterm\gameengine\x64\release\cshadercompiler.obj
d:\graphics1\physicsmidterm\gameengine\x64\release\cscene.obj
d:\graphics1\physicsmidterm\gameengine\x64\release\cplayer.obj
d:\graphics1\physicsmidterm\gameengine\x64\release\cphysicsupdated.obj
d:\graphics1\physicsmidterm\gameengine\x64\release\clightmover.obj
d:\graphics1\physicsmidterm\gameengine\x64\release\clightmanager.obj
d:\graphics1\physicsmidterm\gameengine\x64\release\caienemy.obj
d:\graphics1\physicsmidterm\x64\release\gameengine.exe
d:\graphics1\physicsmidterm\gameengine\x64\release\gameengine.ipdb
d:\graphics1\physicsmidterm\x64\release\gameengine.pdb
d:\graphics1\physicsmidterm\gameengine\x64\release\gameengine.iobj
d:\graphics1\physicsmidterm\gameengine\x64\release\gameengine.tlog\cl.command.1.tlog
d:\graphics1\physicsmidterm\gameengine\x64\release\gameengine.tlog\cl.items.tlog
d:\graphics1\physicsmidterm\gameengine\x64\release\gameengine.tlog\cl.read.1.tlog
d:\graphics1\physicsmidterm\gameengine\x64\release\gameengine.tlog\cl.write.1.tlog
d:\graphics1\physicsmidterm\gameengine\x64\release\gameengine.tlog\link.command.1.tlog
d:\graphics1\physicsmidterm\gameengine\x64\release\gameengine.tlog\link.read.1.tlog
d:\graphics1\physicsmidterm\gameengine\x64\release\gameengine.tlog\link.write.1.tlog
